<?xml version="1.0" encoding="UTF-8"?>
<testng-results ignored="0" total="1" passed="1" failed="0" skipped="0">
  <reporter-output>
  </reporter-output>
  <suite started-at="2024-04-05T12:20:53 GST" name="Default suite" finished-at="2024-04-05T12:28:00 GST" duration-ms="426900">
    <groups>
    </groups>
    <test started-at="2024-04-05T12:20:53 GST" name="Default test" finished-at="2024-04-05T12:28:00 GST" duration-ms="426900">
      <class name="testpkg.Fossil_testclass">
        <test-method is-config="true" signature="setup()[pri:0, instance:testpkg.Fossil_testclass@5ab956d7]" started-at="2024-04-05T12:20:53 GST" name="setup" finished-at="2024-04-05T12:24:46 GST" duration-ms="232501" status="PASS">
          <reporter-output>
          </reporter-output>
        </test-method> <!-- setup -->
        <test-method signature="verifySearchItem()[pri:3, instance:testpkg.Fossil_testclass@5ab956d7]" started-at="2024-04-05T12:24:47 GST" name="verifySearchItem" finished-at="2024-04-05T12:28:00 GST" duration-ms="193257" status="PASS">
          <reporter-output>
          </reporter-output>
        </test-method> <!-- verifySearchItem -->
      </class> <!-- testpkg.Fossil_testclass -->
    </test> <!-- Default test -->
  </suite> <!-- Default suite -->
</testng-results>
